<?xml version="1.0" encoding="UTF-8"?>
<!-- Generated by org.testng.reporters.JUnitXMLReporter -->
<testsuite ignored="0" hostname="DESKTOP-DS4E23A" failures="0" tests="3" name="Test" time="19.281" errors="0" timestamp="2022-10-30T16:29:14 IST">
  <testcase classname="Com.SauceDemo.TestClasses.TC_01_login_functionality" name="setUP" time="0.055"/>
  <testcase classname="Com.SauceDemo.TestClasses.TC_02_Select_Single_Product" name="logoutfunctionality" time="0.19"/>
  <testcase classname="Com.SauceDemo.TestClasses.TC_03_AddMultipleProduct" name="addAllproduct" time="5.268"/>
</testsuite> <!-- Test -->
